# JRE version: OpenJDK Runtime Environment (8.0_152-b01) (build 1.8.0_152-release-1024-b01)
# Java VM: OpenJDK 64-Bit Server VM (25.152-b01 mixed mode linux-amd64 compressed oops)
Heap:
 PSYoungGen      total 377856K, used 121432K [0x00000000e0000000, 0x00000000fcc80000, 0x0000000100000000)
  eden space 322560K, 20% used [0x00000000e0000000,0x00000000e40c78a0,0x00000000f3b00000)
  from space 55296K, 99% used [0x00000000f7900000,0x00000000faece928,0x00000000faf00000)
  to   space 63488K, 0% used [0x00000000f3b00000,0x00000000f3b00000,0x00000000f7900000)
 ParOldGen       total 402944K, used 159898K [0x00000000a0000000, 0x00000000b8980000, 0x00000000e0000000)
  object space 402944K, 39% used [0x00000000a0000000,0x00000000a9c268a0,0x00000000b8980000)
 Metaspace       used 73597K, capacity 75849K, committed 76072K, reserved 1116160K
  class space    used 8430K, capacity 8987K, committed 9000K, reserved 1048576K
GC Heap History (10 events):
Event: 537.431 GC heap before
{Heap before GC invocations=16 (full 3):
 PSYoungGen      total 254976K, used 241713K [0x00000000e0000000, 0x00000000f2700000, 0x0000000100000000)
  eden space 215040K, 100% used [0x00000000e0000000,0x00000000ed200000,0x00000000ed200000)
  from space 39936K, 66% used [0x00000000f0000000,0x00000000f1a0c5e8,0x00000000f2700000)
  to   space 43520K, 0% used [0x00000000ed200000,0x00000000ed200000,0x00000000efc80000)
 ParOldGen       total 217088K, used 103191K [0x00000000a0000000, 0x00000000ad400000, 0x00000000e0000000)
  object space 217088K, 47% used [0x00000000a0000000,0x00000000a64c5ff0,0x00000000ad400000)
 Metaspace       used 69384K, capacity 70977K, committed 71336K, reserved 1112064K
  class space    used 8122K, capacity 8506K, committed 8616K, reserved 1048576K
Event: 537.457 GC heap after
Heap after GC invocations=16 (full 3):
 PSYoungGen      total 258560K, used 20405K [0x00000000e0000000, 0x00000000f6280000, 0x0000000100000000)
  eden space 215040K, 0% used [0x00000000e0000000,0x00000000e0000000,0x00000000ed200000)
  from space 43520K, 46% used [0x00000000ed200000,0x00000000ee5ed790,0x00000000efc80000)
  to   space 41984K, 0% used [0x00000000f3980000,0x00000000f3980000,0x00000000f6280000)
 ParOldGen       total 217088K, used 121936K [0x00000000a0000000, 0x00000000ad400000, 0x00000000e0000000)
  object space 217088K, 56% used [0x00000000a0000000,0x00000000a77140d0,0x00000000ad400000)
 Metaspace       used 69384K, capacity 70977K, committed 71336K, reserved 1112064K
  class space    used 8122K, capacity 8506K, committed 8616K, reserved 1048576K
}
Event: 539.842 GC heap before
{Heap before GC invocations=17 (full 3):
 PSYoungGen      total 258560K, used 235445K [0x00000000e0000000, 0x00000000f6280000, 0x0000000100000000)
  eden space 215040K, 100% used [0x00000000e0000000,0x00000000ed200000,0x00000000ed200000)
  from space 43520K, 46% used [0x00000000ed200000,0x00000000ee5ed790,0x00000000efc80000)
  to   space 41984K, 0% used [0x00000000f3980000,0x00000000f3980000,0x00000000f6280000)
 ParOldGen       total 217088K, used 121936K [0x00000000a0000000, 0x00000000ad400000, 0x00000000e0000000)
  object space 217088K, 56% used [0x00000000a0000000,0x00000000a77140d0,0x00000000ad400000)
 Metaspace       used 69771K, capacity 71399K, committed 71592K, reserved 1112064K
  class space    used 8154K, capacity 8544K, committed 8616K, reserved 1048576K
Event: 539.885 GC heap after
Heap after GC invocations=17 (full 3):
 PSYoungGen      total 307200K, used 41956K [0x00000000e0000000, 0x00000000f7c00000, 0x0000000100000000)
  eden space 265216K, 0% used [0x00000000e0000000,0x00000000e0000000,0x00000000f0300000)
  from space 41984K, 99% used [0x00000000f3980000,0x00000000f6279060,0x00000000f6280000)
  to   space 55808K, 0% used [0x00000000f0300000,0x00000000f0300000,0x00000000f3980000)
 ParOldGen       total 217088K, used 144765K [0x00000000a0000000, 0x00000000ad400000, 0x00000000e0000000)
  object space 217088K, 66% used [0x00000000a0000000,0x00000000a8d5f570,0x00000000ad400000)
 Metaspace       used 69771K, capacity 71399K, committed 71592K, reserved 1112064K
  class space    used 8154K, capacity 8544K, committed 8616K, reserved 1048576K
}
Event: 752.953 GC heap before
{Heap before GC invocations=18 (full 3):
 PSYoungGen      total 307200K, used 307172K [0x00000000e0000000, 0x00000000f7c00000, 0x0000000100000000)
  eden space 265216K, 100% used [0x00000000e0000000,0x00000000f0300000,0x00000000f0300000)
  from space 41984K, 99% used [0x00000000f3980000,0x00000000f6279060,0x00000000f6280000)
  to   space 55808K, 0% used [0x00000000f0300000,0x00000000f0300000,0x00000000f3980000)
 ParOldGen       total 217088K, used 144765K [0x00000000a0000000, 0x00000000ad400000, 0x00000000e0000000)
  object space 217088K, 66% used [0x00000000a0000000,0x00000000a8d5f570,0x00000000ad400000)
 Metaspace       used 71101K, capacity 72823K, committed 73000K, reserved 1114112K
  class space    used 8206K, capacity 8622K, committed 8744K, reserved 1048576K
Event: 753.049 GC heap after
Heap after GC invocations=18 (full 3):
 PSYoungGen      total 321024K, used 11369K [0x00000000e0000000, 0x00000000faf00000, 0x0000000100000000)
  eden space 265216K, 0% used [0x00000000e0000000,0x00000000e0000000,0x00000000f0300000)
  from space 55808K, 20% used [0x00000000f0300000,0x00000000f0e1a500,0x00000000f3980000)
  to   space 55296K, 0% used [0x00000000f7900000,0x00000000f7900000,0x00000000faf00000)
 ParOldGen       total 217088K, used 186535K [0x00000000a0000000, 0x00000000ad400000, 0x00000000e0000000)
  object space 217088K, 85% used [0x00000000a0000000,0x00000000ab629f50,0x00000000ad400000)
 Metaspace       used 71101K, capacity 72823K, committed 73000K, reserved 1114112K
  class space    used 8206K, capacity 8622K, committed 8744K, reserved 1048576K
}
Event: 753.049 GC heap before
{Heap before GC invocations=19 (full 4):
 PSYoungGen      total 321024K, used 11369K [0x00000000e0000000, 0x00000000faf00000, 0x0000000100000000)
  eden space 265216K, 0% used [0x00000000e0000000,0x00000000e0000000,0x00000000f0300000)
  from space 55808K, 20% used [0x00000000f0300000,0x00000000f0e1a500,0x00000000f3980000)
  to   space 55296K, 0% used [0x00000000f7900000,0x00000000f7900000,0x00000000faf00000)
 ParOldGen       total 217088K, used 186535K [0x00000000a0000000, 0x00000000ad400000, 0x00000000e0000000)
  object space 217088K, 85% used [0x00000000a0000000,0x00000000ab629f50,0x00000000ad400000)
 Metaspace       used 71101K, capacity 72823K, committed 73000K, reserved 1114112K
  class space    used 8206K, capacity 8622K, committed 8744K, reserved 1048576K
Event: 754.493 GC heap after
Heap after GC invocations=19 (full 4):
 PSYoungGen      total 321024K, used 0K [0x00000000e0000000, 0x00000000faf00000, 0x0000000100000000)
  eden space 265216K, 0% used [0x00000000e0000000,0x00000000e0000000,0x00000000f0300000)
  from space 55808K, 0% used [0x00000000f0300000,0x00000000f0300000,0x00000000f3980000)
  to   space 55296K, 0% used [0x00000000f7900000,0x00000000f7900000,0x00000000faf00000)
 ParOldGen       total 402944K, used 159890K [0x00000000a0000000, 0x00000000b8980000, 0x00000000e0000000)
  object space 402944K, 39% used [0x00000000a0000000,0x00000000a9c248a0,0x00000000b8980000)
 Metaspace       used 71087K, capacity 72805K, committed 73000K, reserved 1114112K
  class space    used 8204K, capacity 8620K, committed 8744K, reserved 1048576K
}
Event: 756.859 GC heap before
{Heap before GC invocations=20 (full 4):
 PSYoungGen      total 321024K, used 265216K [0x00000000e0000000, 0x00000000faf00000, 0x0000000100000000)
  eden space 265216K, 100% used [0x00000000e0000000,0x00000000f0300000,0x00000000f0300000)
  from space 55808K, 0% used [0x00000000f0300000,0x00000000f0300000,0x00000000f3980000)
  to   space 55296K, 0% used [0x00000000f7900000,0x00000000f7900000,0x00000000faf00000)
 ParOldGen       total 402944K, used 159890K [0x00000000a0000000, 0x00000000b8980000, 0x00000000e0000000)
  object space 402944K, 39% used [0x00000000a0000000,0x00000000a9c248a0,0x00000000b8980000)
 Metaspace       used 73330K, capacity 75609K, committed 75816K, reserved 1116160K
  class space    used 8427K, capacity 8955K, committed 9000K, reserved 1048576K
Event: 756.945 GC heap after
Heap after GC invocations=20 (full 4):
 PSYoungGen      total 377856K, used 55098K [0x00000000e0000000, 0x00000000fcc80000, 0x0000000100000000)
  eden space 322560K, 0% used [0x00000000e0000000,0x00000000e0000000,0x00000000f3b00000)
  from space 55296K, 99% used [0x00000000f7900000,0x00000000faece928,0x00000000faf00000)
  to   space 63488K, 0% used [0x00000000f3b00000,0x00000000f3b00000,0x00000000f7900000)
 ParOldGen       total 402944K, used 159898K [0x00000000a0000000, 0x00000000b8980000, 0x00000000e0000000)
  object space 402944K, 39% used [0x00000000a0000000,0x00000000a9c268a0,0x00000000b8980000)
 Metaspace       used 73330K, capacity 75609K, committed 75816K, reserved 1116160K
  class space    used 8427K, capacity 8955K, committed 9000K, reserved 1048576K
}

